Virtual environment activated successfully
Dataset files copied into working directory of the word2vec
Starting to process 1star.csv
Done!
Starting to process 2star.csv
Done!
Starting to process 3star.csv
Done!
Starting to process 4star.csv
Done!
Starting to process 5star.csv
Done!
Starting to process all of the data at once
Done!
Generating tables of word2vec
Saved in /latex_phase2_report/tables
Spliting Dataset into five parts
Training Tokenizer for each part with different voab sizes
Moving generated files to experiments directoryEvaluating unknown tokens on each part
Tokenization evaluation Done!
Evaluating unknown tokens on each part
Tokenization evaluation Done!
Best trained tokenizer moved to models\
