Generating tables of word2vec
Highest value of pair (1, 2): ('obstructive', 0.8677204758587643)
Lowest value of pair (1, 2): ('baffling', -0.5576983410561632)
Highest value of pair (1, 3): ('scroller', 0.9356263522747144)
Lowest value of pair (1, 3): ('ha', -0.40732758023989124)
Highest value of pair (1, 4): ('nighttime', 0.7853718704658169)
Lowest value of pair (1, 4): ('manages', -0.37496116136900837)
Highest value of pair (1, 5): ('offerings', 0.7588489642812124)
Lowest value of pair (1, 5): ('science', -0.1658393706228226)
Highest value of pair (2, 3): ('refunded', 0.9286221312038435)
Lowest value of pair (2, 3): ('tnx', -0.3406136568766656)
Highest value of pair (2, 4): ('twich', 0.9657571574235696)
Lowest value of pair (2, 4): ('reccomended', -0.23214630028201355)
Highest value of pair (2, 5): ('luxe', 0.9325748499945482)
Lowest value of pair (2, 5): ('tnx', -0.599199306922703)
Highest value of pair (3, 4): ('grew', 0.9258674296008667)
Lowest value of pair (3, 4): ('bye', -0.2307540750945604)
Highest value of pair (3, 5): ('ither', 0.9022207414358413)
Lowest value of pair (3, 5): ('firmware', -0.24925806216479768)
Highest value of pair (4, 5): ('companions', 0.762367694755158)
Lowest value of pair (4, 5): ('bye', -0.46984856429227556)
